EDNet 1.0 ✅ Python-3.10.4 ✅ torch-2.8.0+cu128 ✅CUDA:0 (NVIDIA A100-SXM4-40GB, 40441MiB)
[34m[1mengine/trainer: [0mtask=detect, mode=train, model=pretrained/small.pt, data=/home/ddwilde/scriptie/yaml/MVRSD-stage2.yaml, epochs=50, time=None, patience=100, batch=32, imgsz=640, save=True, save_period=-1, cache=False, device=None, workers=8, project=/home/ddwilde/scriptie/runs/mvrsd_lower, name=stage2-lower5, exist_ok=False, pretrained=True, optimizer=auto, verbose=True, seed=0, deterministic=True, single_cls=False, rect=False, cos_lr=False, close_mosaic=10, resume=False, amp=True, fraction=1.0, profile=False, freeze=None, multi_scale=False, lora={'enable': False, 'rank': 8, 'alpha': 16.0, 'dropout': 0.0, 'feature_pyramid_indices': [16, 22, 25], 'include_detection_head': True, 'freeze_backbone': True, 'adapter_dir': 'adapters', 'init_adapter': None}, continual={'enable': False, 'batches': [], 'adapter_strategy': 'last', 'save_history': True}, replay={'enable': False, 'tap_layers': {'P3': 16, 'P4': 25}, 'tiny_max_pixels': 32, 'context_scale': 1.5, 'buffer_per_class': 64, 'sample_per_batch': 16, 'loss_weight': 1.0, 'scale_weighting': 'stride'}, overlap_mask=True, mask_ratio=4, dropout=0.0, val=True, split=val, save_json=False, save_hybrid=False, conf=None, iou=0.7, max_det=300, half=False, dnn=False, plots=True, source=None, vid_stride=1, stream_buffer=False, visualize=False, augment=False, agnostic_nms=False, classes=None, retina_masks=False, embed=None, show=False, save_frames=False, save_txt=False, save_conf=False, save_crop=False, show_labels=True, show_conf=True, show_boxes=True, line_width=None, format=torchscript, keras=False, optimize=False, int8=False, dynamic=False, simplify=False, opset=None, workspace=4, nms=False, lr0=0.01, lrf=0.01, momentum=0.937, weight_decay=0.0005, warmup_epochs=3.0, warmup_momentum=0.8, warmup_bias_lr=0.1, box=7.5, cls=0.5, dfl=1.5, pose=12.0, kobj=1.0, label_smoothing=0.0, nbs=64, hsv_h=0.015, hsv_s=0.7, hsv_v=0.4, degrees=0.0, translate=0.1, scale=0.5, shear=0.0, perspective=0.0, flipud=0.0, fliplr=0.5, bgr=0.0, mosaic=1.0, mixup=0.0, copy_paste=0.0, auto_augment=randaugment, erasing=0.4, crop_fraction=1.0, cfg=None, tracker=botsort.yaml, save_dir=/home/ddwilde/scriptie/runs/mvrsd_lower/stage2-lower5
Overriding model.yaml nc=10 with nc=12

                   from  n    params  module                                       arguments                     
  0                  -1  1       928  ednet.nn.modules.conv.Conv                   [3, 32, 3, 2]                 
  1                  -1  1     18560  ednet.nn.modules.conv.Conv                   [32, 64, 3, 2]                
  2                  -1  1     29056  ednet.nn.modules.block.C2f                   [64, 64, 1, True]             
  3                  -1  1     73984  ednet.nn.modules.conv.Conv                   [64, 128, 3, 2]               
  4                  -1  2    197632  ednet.nn.modules.block.C2f                   [128, 128, 2, True]           
  5                  -1  1    295424  ednet.nn.modules.conv.Conv                   [128, 256, 3, 2]              
  6                  -1  2    420864  ednet.nn.modules.block.C2f_FCA               [256, 256, 2, True]           
  7                  -1  1   1180672  ednet.nn.modules.conv.Conv                   [256, 512, 3, 2]              
  8                  -1  1   1095680  ednet.nn.modules.block.C2f_FCA               [512, 512, 1, True]           
  9                  -1  1    656896  ednet.nn.modules.block.SPPF                  [512, 512, 5]                 
 10                  -1  1    990976  ednet.nn.modules.block.PSA                   [512, 512]                    
 11                  -1  1         0  torch.nn.modules.upsampling.Upsample         [None, 2, 'nearest']          
 12             [-1, 6]  1         0  ednet.nn.modules.conv.Concat                 [1]                           
 13                  -1  1    591360  ednet.nn.modules.block.C2f                   [768, 256, 1]                 
 14                  -1  1         0  torch.nn.modules.upsampling.Upsample         [None, 2, 'nearest']          
 15             [-1, 4]  1         0  ednet.nn.modules.conv.Concat                 [1]                           
 16                  -1  1    148224  ednet.nn.modules.block.C2f                   [384, 128, 1]                 
 17                  -1  1         0  torch.nn.modules.upsampling.Upsample         [None, 2, 'nearest']          
 18             [-1, 2]  1         0  ednet.nn.modules.conv.Concat                 [1]                           
 19                  -1  1     37248  ednet.nn.modules.block.C2f                   [192, 64, 1]                  
 20                  -1  1     36992  ednet.nn.modules.conv.Conv                   [64, 64, 3, 2]                
 21            [-1, 16]  1         0  ednet.nn.modules.conv.Concat                 [1]                           
 22                  -1  1    123648  ednet.nn.modules.block.C2f                   [192, 128, 1]                 
 23                  -1  1    147712  ednet.nn.modules.conv.Conv                   [128, 128, 3, 2]              
 24            [-1, 13]  1         0  ednet.nn.modules.conv.Concat                 [1]                           
 25                  -1  1    493056  ednet.nn.modules.block.C2f                   [384, 256, 1]                 
 26                  -1  1     68864  ednet.nn.modules.block.SCDown                [256, 256, 3, 2]              
 27             [-1, 9]  1         0  ednet.nn.modules.conv.Concat                 [1]                           
 28                  -1  1   1089536  ednet.nn.modules.block.C2fCIB                [768, 512, 1, True, True]     
 29    [19, 22, 25, 28]  1   1626864  ednet.nn.modules.head.v10Detect              [12, [64, 128, 256, 512]]     
ednet-s summary: 510 layers, 9,324,176 parameters, 9,324,160 gradients

Transferred 737/753 items from pretrained weights
[34m[1mTensorBoard: [0mStart with 'tensorboard --logdir /home/ddwilde/scriptie/runs/mvrsd_lower/stage2-lower5', view at http://localhost:6006/
Freezing layer 'model.29.dfl.conv.weight'
[34m[1mAMP: [0mrunning Automatic Mixed Precision (AMP) checks with YOLOv8n...
[34m[1mAMP: [0mchecks passed ✅
[34m[1mtrain: [0mNew cache created: /gpfs/home6/ddwilde/scriptie/datasets/MVRSD-stage2/train/labels.cache
[34m[1mval: [0mNew cache created: /gpfs/home6/ddwilde/scriptie/datasets/MVRSD-stage2/val/labels.cache
No module named 'seaborn'
[34m[1moptimizer:[0m 'optimizer=auto' found, ignoring 'lr0=0.01' and 'momentum=0.937' and determining best 'optimizer', 'lr0' and 'momentum' automatically... 
[34m[1moptimizer:[0m AdamW(lr=0.000625, momentum=0.9) with parameter groups 117 weight(decay=0.0), 146 weight(decay=0.0005), 139 bias(decay=0.0)
[34m[1mTensorBoard: [0mmodel graph visualization added ✅
Image sizes 640 train, 640 val
Using 8 dataloader workers
Logging results to [1m/home/ddwilde/scriptie/runs/mvrsd_lower/stage2-lower5[0m
Starting training for 50 epochs...

      Epoch    GPU_mem   box_loss   cls_loss   dfl_loss  Instances       Size
                   all        295       2043       0.68      0.242      0.178      0.104

      Epoch    GPU_mem   box_loss   cls_loss   dfl_loss  Instances       Size
                   all        295       2043      0.346      0.443      0.339      0.198

      Epoch    GPU_mem   box_loss   cls_loss   dfl_loss  Instances       Size
                   all        295       2043      0.528      0.528      0.526      0.329

      Epoch    GPU_mem   box_loss   cls_loss   dfl_loss  Instances       Size
                   all        295       2043      0.504      0.571      0.521      0.318

      Epoch    GPU_mem   box_loss   cls_loss   dfl_loss  Instances       Size
                   all        295       2043      0.626      0.604      0.638      0.407

      Epoch    GPU_mem   box_loss   cls_loss   dfl_loss  Instances       Size
                   all        295       2043      0.601       0.57      0.604      0.385

      Epoch    GPU_mem   box_loss   cls_loss   dfl_loss  Instances       Size
                   all        295       2043      0.672      0.646      0.705      0.462

      Epoch    GPU_mem   box_loss   cls_loss   dfl_loss  Instances       Size
                   all        295       2043      0.585      0.642      0.654      0.424

      Epoch    GPU_mem   box_loss   cls_loss   dfl_loss  Instances       Size
                   all        295       2043      0.615      0.621      0.663       0.42

      Epoch    GPU_mem   box_loss   cls_loss   dfl_loss  Instances       Size
                   all        295       2043      0.673      0.659      0.717      0.462

      Epoch    GPU_mem   box_loss   cls_loss   dfl_loss  Instances       Size
                   all        295       2043      0.697      0.704      0.752      0.491

      Epoch    GPU_mem   box_loss   cls_loss   dfl_loss  Instances       Size
                   all        295       2043      0.692      0.691      0.744      0.489

      Epoch    GPU_mem   box_loss   cls_loss   dfl_loss  Instances       Size
                   all        295       2043      0.725      0.717       0.77      0.506

      Epoch    GPU_mem   box_loss   cls_loss   dfl_loss  Instances       Size
                   all        295       2043      0.733      0.729      0.787      0.526

      Epoch    GPU_mem   box_loss   cls_loss   dfl_loss  Instances       Size
                   all        295       2043      0.724      0.712      0.782      0.519

      Epoch    GPU_mem   box_loss   cls_loss   dfl_loss  Instances       Size
                   all        295       2043      0.725      0.761      0.802      0.531

      Epoch    GPU_mem   box_loss   cls_loss   dfl_loss  Instances       Size
                   all        295       2043      0.728      0.702      0.773      0.524

      Epoch    GPU_mem   box_loss   cls_loss   dfl_loss  Instances       Size
                   all        295       2043      0.734      0.717      0.788      0.517

      Epoch    GPU_mem   box_loss   cls_loss   dfl_loss  Instances       Size
                   all        295       2043      0.778      0.707      0.795      0.533

      Epoch    GPU_mem   box_loss   cls_loss   dfl_loss  Instances       Size
                   all        295       2043      0.739      0.692      0.796      0.542

      Epoch    GPU_mem   box_loss   cls_loss   dfl_loss  Instances       Size
                   all        295       2043      0.745      0.744      0.817      0.553

      Epoch    GPU_mem   box_loss   cls_loss   dfl_loss  Instances       Size
                   all        295       2043       0.79      0.731      0.823      0.561

      Epoch    GPU_mem   box_loss   cls_loss   dfl_loss  Instances       Size
                   all        295       2043      0.734      0.744      0.806      0.544

      Epoch    GPU_mem   box_loss   cls_loss   dfl_loss  Instances       Size
                   all        295       2043      0.742      0.735      0.795      0.536

      Epoch    GPU_mem   box_loss   cls_loss   dfl_loss  Instances       Size
                   all        295       2043      0.783      0.767       0.84      0.572

      Epoch    GPU_mem   box_loss   cls_loss   dfl_loss  Instances       Size
                   all        295       2043       0.82      0.758       0.85      0.578

      Epoch    GPU_mem   box_loss   cls_loss   dfl_loss  Instances       Size
                   all        295       2043      0.752      0.763       0.83       0.57

      Epoch    GPU_mem   box_loss   cls_loss   dfl_loss  Instances       Size
                   all        295       2043      0.792      0.768      0.843      0.573

      Epoch    GPU_mem   box_loss   cls_loss   dfl_loss  Instances       Size
                   all        295       2043      0.759      0.739      0.814      0.549

      Epoch    GPU_mem   box_loss   cls_loss   dfl_loss  Instances       Size
                   all        295       2043      0.772      0.771      0.839      0.576

      Epoch    GPU_mem   box_loss   cls_loss   dfl_loss  Instances       Size
                   all        295       2043      0.802      0.754       0.84      0.577

      Epoch    GPU_mem   box_loss   cls_loss   dfl_loss  Instances       Size
                   all        295       2043      0.804      0.784      0.856      0.589

      Epoch    GPU_mem   box_loss   cls_loss   dfl_loss  Instances       Size
                   all        295       2043        0.8        0.8      0.858       0.59

      Epoch    GPU_mem   box_loss   cls_loss   dfl_loss  Instances       Size
                   all        295       2043      0.827      0.771      0.862      0.588

      Epoch    GPU_mem   box_loss   cls_loss   dfl_loss  Instances       Size
                   all        295       2043      0.813      0.794       0.87      0.599

      Epoch    GPU_mem   box_loss   cls_loss   dfl_loss  Instances       Size
                   all        295       2043      0.832      0.772      0.865      0.597

      Epoch    GPU_mem   box_loss   cls_loss   dfl_loss  Instances       Size
                   all        295       2043      0.785       0.77      0.842      0.577

      Epoch    GPU_mem   box_loss   cls_loss   dfl_loss  Instances       Size
                   all        295       2043      0.797      0.771      0.843      0.578

      Epoch    GPU_mem   box_loss   cls_loss   dfl_loss  Instances       Size
                   all        295       2043      0.807       0.79      0.863      0.596

      Epoch    GPU_mem   box_loss   cls_loss   dfl_loss  Instances       Size
                   all        295       2043      0.804      0.807      0.866      0.597
Closing dataloader mosaic

      Epoch    GPU_mem   box_loss   cls_loss   dfl_loss  Instances       Size
                   all        295       2043      0.804      0.771      0.852      0.589

      Epoch    GPU_mem   box_loss   cls_loss   dfl_loss  Instances       Size
                   all        295       2043      0.804      0.776       0.85      0.592

      Epoch    GPU_mem   box_loss   cls_loss   dfl_loss  Instances       Size
                   all        295       2043      0.804      0.801      0.863        0.6

      Epoch    GPU_mem   box_loss   cls_loss   dfl_loss  Instances       Size
                   all        295       2043       0.84      0.783      0.866      0.603

      Epoch    GPU_mem   box_loss   cls_loss   dfl_loss  Instances       Size
                   all        295       2043      0.833      0.785      0.866      0.601

      Epoch    GPU_mem   box_loss   cls_loss   dfl_loss  Instances       Size
                   all        295       2043      0.816      0.808       0.87      0.607

      Epoch    GPU_mem   box_loss   cls_loss   dfl_loss  Instances       Size
                   all        295       2043      0.836      0.789       0.87      0.606

      Epoch    GPU_mem   box_loss   cls_loss   dfl_loss  Instances       Size
                   all        295       2043      0.803      0.798      0.862      0.598

      Epoch    GPU_mem   box_loss   cls_loss   dfl_loss  Instances       Size
                   all        295       2043      0.843      0.802      0.873      0.607

      Epoch    GPU_mem   box_loss   cls_loss   dfl_loss  Instances       Size
                   all        295       2043      0.837      0.805      0.874      0.611

50 epochs completed in 0.228 hours.
Optimizer stripped from /home/ddwilde/scriptie/runs/mvrsd_lower/stage2-lower5/weights/last.pt, 19.3MB
Optimizer stripped from /home/ddwilde/scriptie/runs/mvrsd_lower/stage2-lower5/weights/best.pt, 19.3MB

Validating /home/ddwilde/scriptie/runs/mvrsd_lower/stage2-lower5/weights/best.pt...
EDNet 1.0 ✅ Python-3.10.4 ✅ torch-2.8.0+cu128 ✅CUDA:0 (NVIDIA A100-SXM4-40GB, 40441MiB)
ednet-s summary (fused): 394 layers, 9,300,208 parameters, 0 gradients
                   all        295       2043      0.837      0.804      0.874      0.611
                   SMV        108        721      0.876      0.752      0.867      0.623
                   LMV        249       1322      0.798      0.856      0.881        0.6
WARNING ⚠️ ConfusionMatrix plot failure: No module named 'seaborn'
WARNING ⚠️ ConfusionMatrix plot failure: No module named 'seaborn'
Speed: 0.2ms preprocess, 2.0ms inference, 0.0ms loss, 0.4ms postprocess per image
Results saved to [1m/home/ddwilde/scriptie/runs/mvrsd_lower/stage2-lower5[0m
