EDNet 1.0 ✅ Python-3.10.4 ✅ torch-2.8.0+cu128 ✅CUDA:0 (NVIDIA A100-SXM4-40GB, 40441MiB)
[34m[1mengine/trainer: [0mtask=detect, mode=train, model=/home/ddwilde/scriptie/runs/mvrsd_lower/stage2-lower5/weights/best.pt, data=/home/ddwilde/scriptie/yaml/MVRSD-stage3.yaml, epochs=50, time=None, patience=100, batch=32, imgsz=640, save=True, save_period=-1, cache=False, device=None, workers=8, project=/home/ddwilde/scriptie/runs/mvrsd_lower, name=stage3-lower2, exist_ok=False, pretrained=True, optimizer=auto, verbose=True, seed=0, deterministic=True, single_cls=False, rect=False, cos_lr=False, close_mosaic=10, resume=False, amp=True, fraction=1.0, profile=False, freeze=None, multi_scale=False, lora={'enable': False, 'rank': 8, 'alpha': 16.0, 'dropout': 0.0, 'feature_pyramid_indices': [16, 22, 25], 'include_detection_head': True, 'freeze_backbone': True, 'adapter_dir': 'adapters', 'init_adapter': None}, continual={'enable': False, 'batches': [], 'adapter_strategy': 'last', 'save_history': True}, replay={'enable': False, 'tap_layers': {'P3': 16, 'P4': 25}, 'tiny_max_pixels': 32, 'context_scale': 1.5, 'buffer_per_class': 64, 'sample_per_batch': 16, 'loss_weight': 1.0, 'scale_weighting': 'stride'}, overlap_mask=True, mask_ratio=4, dropout=0.0, val=True, split=val, save_json=False, save_hybrid=False, conf=None, iou=0.7, max_det=300, half=False, dnn=False, plots=True, source=None, vid_stride=1, stream_buffer=False, visualize=False, augment=False, agnostic_nms=False, classes=None, retina_masks=False, embed=None, show=False, save_frames=False, save_txt=False, save_conf=False, save_crop=False, show_labels=True, show_conf=True, show_boxes=True, line_width=None, format=torchscript, keras=False, optimize=False, int8=False, dynamic=False, simplify=False, opset=None, workspace=4, nms=False, lr0=0.01, lrf=0.01, momentum=0.937, weight_decay=0.0005, warmup_epochs=3.0, warmup_momentum=0.8, warmup_bias_lr=0.1, box=7.5, cls=0.5, dfl=1.5, pose=12.0, kobj=1.0, label_smoothing=0.0, nbs=64, hsv_h=0.015, hsv_s=0.7, hsv_v=0.4, degrees=0.0, translate=0.1, scale=0.5, shear=0.0, perspective=0.0, flipud=0.0, fliplr=0.5, bgr=0.0, mosaic=1.0, mixup=0.0, copy_paste=0.0, auto_augment=randaugment, erasing=0.4, crop_fraction=1.0, cfg=None, tracker=botsort.yaml, save_dir=/home/ddwilde/scriptie/runs/mvrsd_lower/stage3-lower2
Overriding model.yaml nc=12 with nc=14

                   from  n    params  module                                       arguments                     
  0                  -1  1       928  ednet.nn.modules.conv.Conv                   [3, 32, 3, 2]                 
  1                  -1  1     18560  ednet.nn.modules.conv.Conv                   [32, 64, 3, 2]                
  2                  -1  1     29056  ednet.nn.modules.block.C2f                   [64, 64, 1, True]             
  3                  -1  1     73984  ednet.nn.modules.conv.Conv                   [64, 128, 3, 2]               
  4                  -1  2    197632  ednet.nn.modules.block.C2f                   [128, 128, 2, True]           
  5                  -1  1    295424  ednet.nn.modules.conv.Conv                   [128, 256, 3, 2]              
  6                  -1  2    420864  ednet.nn.modules.block.C2f_FCA               [256, 256, 2, True]           
  7                  -1  1   1180672  ednet.nn.modules.conv.Conv                   [256, 512, 3, 2]              
  8                  -1  1   1095680  ednet.nn.modules.block.C2f_FCA               [512, 512, 1, True]           
  9                  -1  1    656896  ednet.nn.modules.block.SPPF                  [512, 512, 5]                 
 10                  -1  1    990976  ednet.nn.modules.block.PSA                   [512, 512]                    
 11                  -1  1         0  torch.nn.modules.upsampling.Upsample         [None, 2, 'nearest']          
 12             [-1, 6]  1         0  ednet.nn.modules.conv.Concat                 [1]                           
 13                  -1  1    591360  ednet.nn.modules.block.C2f                   [768, 256, 1]                 
 14                  -1  1         0  torch.nn.modules.upsampling.Upsample         [None, 2, 'nearest']          
 15             [-1, 4]  1         0  ednet.nn.modules.conv.Concat                 [1]                           
 16                  -1  1    148224  ednet.nn.modules.block.C2f                   [384, 128, 1]                 
 17                  -1  1         0  torch.nn.modules.upsampling.Upsample         [None, 2, 'nearest']          
 18             [-1, 2]  1         0  ednet.nn.modules.conv.Concat                 [1]                           
 19                  -1  1     37248  ednet.nn.modules.block.C2f                   [192, 64, 1]                  
 20                  -1  1     36992  ednet.nn.modules.conv.Conv                   [64, 64, 3, 2]                
 21            [-1, 16]  1         0  ednet.nn.modules.conv.Concat                 [1]                           
 22                  -1  1    123648  ednet.nn.modules.block.C2f                   [192, 128, 1]                 
 23                  -1  1    147712  ednet.nn.modules.conv.Conv                   [128, 128, 3, 2]              
 24            [-1, 13]  1         0  ednet.nn.modules.conv.Concat                 [1]                           
 25                  -1  1    493056  ednet.nn.modules.block.C2f                   [384, 256, 1]                 
 26                  -1  1     68864  ednet.nn.modules.block.SCDown                [256, 256, 3, 2]              
 27             [-1, 9]  1         0  ednet.nn.modules.conv.Concat                 [1]                           
 28                  -1  1   1089536  ednet.nn.modules.block.C2fCIB                [768, 512, 1, True, True]     
 29    [19, 22, 25, 28]  1   1627904  ednet.nn.modules.head.v10Detect              [14, [64, 128, 256, 512]]     
ednet-s summary: 510 layers, 9,325,216 parameters, 9,325,200 gradients

Transferred 737/753 items from pretrained weights
[34m[1mTensorBoard: [0mStart with 'tensorboard --logdir /home/ddwilde/scriptie/runs/mvrsd_lower/stage3-lower2', view at http://localhost:6006/
Freezing layer 'model.29.dfl.conv.weight'
[34m[1mAMP: [0mrunning Automatic Mixed Precision (AMP) checks with YOLOv8n...
[34m[1mAMP: [0mchecks passed ✅
No module named 'seaborn'
[34m[1moptimizer:[0m 'optimizer=auto' found, ignoring 'lr0=0.01' and 'momentum=0.937' and determining best 'optimizer', 'lr0' and 'momentum' automatically... 
[34m[1moptimizer:[0m AdamW(lr=0.000556, momentum=0.9) with parameter groups 117 weight(decay=0.0), 146 weight(decay=0.0005), 139 bias(decay=0.0)
[34m[1mTensorBoard: [0mmodel graph visualization added ✅
Image sizes 640 train, 640 val
Using 8 dataloader workers
Logging results to [1m/home/ddwilde/scriptie/runs/mvrsd_lower/stage3-lower2[0m
Starting training for 50 epochs...

      Epoch    GPU_mem   box_loss   cls_loss   dfl_loss  Instances       Size
                   all        295       2043      0.364      0.363       0.32      0.224

      Epoch    GPU_mem   box_loss   cls_loss   dfl_loss  Instances       Size
                   all        295       2043      0.517        0.5      0.506      0.355

      Epoch    GPU_mem   box_loss   cls_loss   dfl_loss  Instances       Size
                   all        295       2043      0.635      0.649      0.663      0.453

      Epoch    GPU_mem   box_loss   cls_loss   dfl_loss  Instances       Size
                   all        295       2043      0.658      0.701       0.69      0.461

      Epoch    GPU_mem   box_loss   cls_loss   dfl_loss  Instances       Size
                   all        295       2043      0.706      0.706      0.742      0.497

      Epoch    GPU_mem   box_loss   cls_loss   dfl_loss  Instances       Size
                   all        295       2043      0.725      0.702      0.757      0.505

      Epoch    GPU_mem   box_loss   cls_loss   dfl_loss  Instances       Size
                   all        295       2043      0.715      0.702      0.747      0.501

      Epoch    GPU_mem   box_loss   cls_loss   dfl_loss  Instances       Size
                   all        295       2043      0.694      0.718      0.749      0.515

      Epoch    GPU_mem   box_loss   cls_loss   dfl_loss  Instances       Size
                   all        295       2043      0.697      0.735      0.768      0.514

      Epoch    GPU_mem   box_loss   cls_loss   dfl_loss  Instances       Size
                   all        295       2043      0.731      0.742      0.785      0.532

      Epoch    GPU_mem   box_loss   cls_loss   dfl_loss  Instances       Size
                   all        295       2043      0.745      0.733       0.78      0.534

      Epoch    GPU_mem   box_loss   cls_loss   dfl_loss  Instances       Size
                   all        295       2043      0.781      0.717      0.795      0.541

      Epoch    GPU_mem   box_loss   cls_loss   dfl_loss  Instances       Size
                   all        295       2043      0.786      0.736      0.807      0.548

      Epoch    GPU_mem   box_loss   cls_loss   dfl_loss  Instances       Size
                   all        295       2043      0.791      0.735      0.822      0.566

      Epoch    GPU_mem   box_loss   cls_loss   dfl_loss  Instances       Size
                   all        295       2043      0.741      0.738      0.804      0.546

      Epoch    GPU_mem   box_loss   cls_loss   dfl_loss  Instances       Size
                   all        295       2043      0.796      0.735      0.821      0.556

      Epoch    GPU_mem   box_loss   cls_loss   dfl_loss  Instances       Size
                   all        295       2043      0.799      0.788      0.841      0.578

      Epoch    GPU_mem   box_loss   cls_loss   dfl_loss  Instances       Size
                   all        295       2043      0.779      0.789       0.84      0.565

      Epoch    GPU_mem   box_loss   cls_loss   dfl_loss  Instances       Size
                   all        295       2043      0.764      0.747      0.808      0.558

      Epoch    GPU_mem   box_loss   cls_loss   dfl_loss  Instances       Size
                   all        295       2043      0.782      0.762      0.837      0.572

      Epoch    GPU_mem   box_loss   cls_loss   dfl_loss  Instances       Size
                   all        295       2043       0.78      0.779      0.832      0.569

      Epoch    GPU_mem   box_loss   cls_loss   dfl_loss  Instances       Size
                   all        295       2043       0.81      0.792      0.851      0.593

      Epoch    GPU_mem   box_loss   cls_loss   dfl_loss  Instances       Size
                   all        295       2043      0.777      0.786      0.836      0.571

      Epoch    GPU_mem   box_loss   cls_loss   dfl_loss  Instances       Size
                   all        295       2043      0.811      0.765      0.838      0.578

      Epoch    GPU_mem   box_loss   cls_loss   dfl_loss  Instances       Size
                   all        295       2043       0.81      0.771       0.83      0.574

      Epoch    GPU_mem   box_loss   cls_loss   dfl_loss  Instances       Size
                   all        295       2043      0.837      0.771      0.852      0.589

      Epoch    GPU_mem   box_loss   cls_loss   dfl_loss  Instances       Size
                   all        295       2043      0.811        0.8      0.844      0.588

      Epoch    GPU_mem   box_loss   cls_loss   dfl_loss  Instances       Size
                   all        295       2043      0.817      0.795      0.852      0.586

      Epoch    GPU_mem   box_loss   cls_loss   dfl_loss  Instances       Size
                   all        295       2043      0.807      0.758      0.839      0.584

      Epoch    GPU_mem   box_loss   cls_loss   dfl_loss  Instances       Size
                   all        295       2043      0.838      0.777      0.859       0.59

      Epoch    GPU_mem   box_loss   cls_loss   dfl_loss  Instances       Size
                   all        295       2043      0.819      0.788      0.858      0.594

      Epoch    GPU_mem   box_loss   cls_loss   dfl_loss  Instances       Size
                   all        295       2043      0.807      0.797      0.856      0.593

      Epoch    GPU_mem   box_loss   cls_loss   dfl_loss  Instances       Size
                   all        295       2043      0.858      0.778      0.862      0.595

      Epoch    GPU_mem   box_loss   cls_loss   dfl_loss  Instances       Size
                   all        295       2043      0.807      0.781      0.853      0.588

      Epoch    GPU_mem   box_loss   cls_loss   dfl_loss  Instances       Size
                   all        295       2043      0.817      0.802      0.864      0.594

      Epoch    GPU_mem   box_loss   cls_loss   dfl_loss  Instances       Size
                   all        295       2043      0.824      0.798      0.858      0.597

      Epoch    GPU_mem   box_loss   cls_loss   dfl_loss  Instances       Size
                   all        295       2043      0.829      0.782      0.855      0.594

      Epoch    GPU_mem   box_loss   cls_loss   dfl_loss  Instances       Size
                   all        295       2043       0.81      0.793      0.858      0.593

      Epoch    GPU_mem   box_loss   cls_loss   dfl_loss  Instances       Size
                   all        295       2043       0.83      0.796      0.858      0.595

      Epoch    GPU_mem   box_loss   cls_loss   dfl_loss  Instances       Size
                   all        295       2043      0.823      0.791      0.858      0.593
Closing dataloader mosaic

      Epoch    GPU_mem   box_loss   cls_loss   dfl_loss  Instances       Size
                   all        295       2043      0.828      0.807      0.861      0.593

      Epoch    GPU_mem   box_loss   cls_loss   dfl_loss  Instances       Size
                   all        295       2043      0.821      0.788      0.851      0.592

      Epoch    GPU_mem   box_loss   cls_loss   dfl_loss  Instances       Size
                   all        295       2043      0.843      0.794      0.856      0.593

      Epoch    GPU_mem   box_loss   cls_loss   dfl_loss  Instances       Size
                   all        295       2043      0.824      0.815      0.865      0.601

      Epoch    GPU_mem   box_loss   cls_loss   dfl_loss  Instances       Size
                   all        295       2043      0.828      0.809       0.86      0.596

      Epoch    GPU_mem   box_loss   cls_loss   dfl_loss  Instances       Size
                   all        295       2043       0.82      0.809      0.862      0.599

      Epoch    GPU_mem   box_loss   cls_loss   dfl_loss  Instances       Size
                   all        295       2043      0.843      0.801      0.868      0.605

      Epoch    GPU_mem   box_loss   cls_loss   dfl_loss  Instances       Size
                   all        295       2043      0.831      0.784      0.858      0.597

      Epoch    GPU_mem   box_loss   cls_loss   dfl_loss  Instances       Size
                   all        295       2043      0.824      0.806      0.866      0.603

      Epoch    GPU_mem   box_loss   cls_loss   dfl_loss  Instances       Size
                   all        295       2043      0.819      0.811      0.867      0.607

50 epochs completed in 0.229 hours.
Optimizer stripped from /home/ddwilde/scriptie/runs/mvrsd_lower/stage3-lower2/weights/last.pt, 19.3MB
Optimizer stripped from /home/ddwilde/scriptie/runs/mvrsd_lower/stage3-lower2/weights/best.pt, 19.3MB

Validating /home/ddwilde/scriptie/runs/mvrsd_lower/stage3-lower2/weights/best.pt...
EDNet 1.0 ✅ Python-3.10.4 ✅ torch-2.8.0+cu128 ✅CUDA:0 (NVIDIA A100-SXM4-40GB, 40441MiB)
ednet-s summary (fused): 394 layers, 9,301,248 parameters, 0 gradients
                   all        295       2043      0.817      0.813      0.866      0.607
                   SMV        108        721      0.825      0.763      0.857      0.613
                   LMV        249       1322       0.81      0.864      0.875        0.6
WARNING ⚠️ ConfusionMatrix plot failure: No module named 'seaborn'
WARNING ⚠️ ConfusionMatrix plot failure: No module named 'seaborn'
Speed: 0.4ms preprocess, 1.9ms inference, 0.0ms loss, 0.4ms postprocess per image
Results saved to [1m/home/ddwilde/scriptie/runs/mvrsd_lower/stage3-lower2[0m
