******************************************************************************************************** 
* WARNING: The 2022 software stack is deprecated. Please consider switching to
the latest 2024 * 
* software stack, or the older 2023 software stack. * 
* * 
* If you have any question, please contact us via
http://servicedesk.surfsara.nl. * 
******************************************************************************************************** 
******************************************************************************************************** 
* 03.09.2025 - pre-release of the 2025 software stack. * 
* * 
* WARNING: Dear user, * 
* * 
* The new 2025 software stack is now available on all system partitions. We are
still in * 
* the process of adding more packages and libraries to it. If you notice that
any essential * 
* packages are missing and their installation complies with our software
policy, please * 
* submit a ServiceDesk ticket via http://servicedesk.surf.nl. * 
* * 
* Please note that the oldest 2022 software stack will be removed from the
system on * 
* November 3rd. We will send a reminder via the user-mailing list at least one
month in * 
* advance. We recommend updating your workflows to use the new 2025 software
stack as soon * 
* as possible. * 
* * 
* The link to the software policy: * 
*
https://servicedesk.surf.nl/wiki/spaces/WIKI/pages/30660267/Software+policy+Snellius
* 
* * 
* If you have any question, please contact us via https://servicedesk.surf.nl.
* 
******************************************************************************************************** 
Error: [Errno 13] Permission denied: '/home/ddwilde/ednet_env/bin/activate.csh'
/var/spool/slurm/slurmd/job14850153/slurm_script: line 26: cd: /home/ddwilde/EDNet: No such file or directory
ERROR: Could not open requirements file: [Errno 2] No such file or directory: 'requirements.txt'
