Requirement already satisfied: pip in /gpfs/home6/ddwilde/ednet_env/lib/python3.10/site-packages (25.2)
Requirement already satisfied: setuptools in /gpfs/home6/ddwilde/ednet_env/lib/python3.10/site-packages (80.9.0)
Requirement already satisfied: wheel in /gpfs/home6/ddwilde/ednet_env/lib/python3.10/site-packages (0.45.1)
Requirement already satisfied: jupyter in /gpfs/home6/ddwilde/ednet_env/lib/python3.10/site-packages (1.1.1)
Requirement already satisfied: tensorboard in /gpfs/home6/ddwilde/ednet_env/lib/python3.10/site-packages (2.20.0)
Requirement already satisfied: matplotlib in /gpfs/home6/ddwilde/ednet_env/lib/python3.10/site-packages (3.10.6)
Requirement already satisfied: notebook in /gpfs/home6/ddwilde/ednet_env/lib/python3.10/site-packages (from jupyter) (7.4.5)
Requirement already satisfied: jupyter-console in /gpfs/home6/ddwilde/ednet_env/lib/python3.10/site-packages (from jupyter) (6.6.3)
Requirement already satisfied: nbconvert in /gpfs/home6/ddwilde/ednet_env/lib/python3.10/site-packages (from jupyter) (7.16.6)
Requirement already satisfied: ipykernel in /gpfs/home6/ddwilde/ednet_env/lib/python3.10/site-packages (from jupyter) (6.30.1)
Requirement already satisfied: ipywidgets in /gpfs/home6/ddwilde/ednet_env/lib/python3.10/site-packages (from jupyter) (8.1.7)
Requirement already satisfied: jupyterlab in /gpfs/home6/ddwilde/ednet_env/lib/python3.10/site-packages (from jupyter) (4.4.7)
Requirement already satisfied: absl-py>=0.4 in /gpfs/home6/ddwilde/ednet_env/lib/python3.10/site-packages (from tensorboard) (2.3.1)
Requirement already satisfied: grpcio>=1.48.2 in /gpfs/home6/ddwilde/ednet_env/lib/python3.10/site-packages (from tensorboard) (1.75.0)
Requirement already satisfied: markdown>=2.6.8 in /gpfs/home6/ddwilde/ednet_env/lib/python3.10/site-packages (from tensorboard) (3.9)
Requirement already satisfied: numpy>=1.12.0 in /gpfs/home6/ddwilde/ednet_env/lib/python3.10/site-packages (from tensorboard) (2.2.6)
Requirement already satisfied: packaging in /gpfs/home6/ddwilde/ednet_env/lib/python3.10/site-packages (from tensorboard) (25.0)
Requirement already satisfied: pillow in /gpfs/home6/ddwilde/ednet_env/lib/python3.10/site-packages (from tensorboard) (11.3.0)
Requirement already satisfied: protobuf!=4.24.0,>=3.19.6 in /gpfs/home6/ddwilde/ednet_env/lib/python3.10/site-packages (from tensorboard) (6.32.1)
Requirement already satisfied: setuptools>=41.0.0 in /gpfs/home6/ddwilde/ednet_env/lib/python3.10/site-packages (from tensorboard) (80.9.0)
Requirement already satisfied: tensorboard-data-server<0.8.0,>=0.7.0 in /gpfs/home6/ddwilde/ednet_env/lib/python3.10/site-packages (from tensorboard) (0.7.2)
Requirement already satisfied: werkzeug>=1.0.1 in /gpfs/home6/ddwilde/ednet_env/lib/python3.10/site-packages (from tensorboard) (3.1.3)
Requirement already satisfied: contourpy>=1.0.1 in /gpfs/home6/ddwilde/ednet_env/lib/python3.10/site-packages (from matplotlib) (1.3.2)
Requirement already satisfied: cycler>=0.10 in /gpfs/home6/ddwilde/ednet_env/lib/python3.10/site-packages (from matplotlib) (0.12.1)
Requirement already satisfied: fonttools>=4.22.0 in /gpfs/home6/ddwilde/ednet_env/lib/python3.10/site-packages (from matplotlib) (4.60.0)
Requirement already satisfied: kiwisolver>=1.3.1 in /gpfs/home6/ddwilde/ednet_env/lib/python3.10/site-packages (from matplotlib) (1.4.9)
Requirement already satisfied: pyparsing>=2.3.1 in /gpfs/home6/ddwilde/ednet_env/lib/python3.10/site-packages (from matplotlib) (3.2.5)
Requirement already satisfied: python-dateutil>=2.7 in /gpfs/home6/ddwilde/ednet_env/lib/python3.10/site-packages (from matplotlib) (2.9.0.post0)
Requirement already satisfied: typing-extensions~=4.12 in /gpfs/home6/ddwilde/ednet_env/lib/python3.10/site-packages (from grpcio>=1.48.2->tensorboard) (4.15.0)
Requirement already satisfied: six>=1.5 in /gpfs/home6/ddwilde/ednet_env/lib/python3.10/site-packages (from python-dateutil>=2.7->matplotlib) (1.17.0)
Requirement already satisfied: MarkupSafe>=2.1.1 in /gpfs/home6/ddwilde/ednet_env/lib/python3.10/site-packages (from werkzeug>=1.0.1->tensorboard) (3.0.2)
Requirement already satisfied: comm>=0.1.1 in /gpfs/home6/ddwilde/ednet_env/lib/python3.10/site-packages (from ipykernel->jupyter) (0.2.3)
Requirement already satisfied: debugpy>=1.6.5 in /gpfs/home6/ddwilde/ednet_env/lib/python3.10/site-packages (from ipykernel->jupyter) (1.8.17)
Requirement already satisfied: ipython>=7.23.1 in /gpfs/home6/ddwilde/ednet_env/lib/python3.10/site-packages (from ipykernel->jupyter) (8.37.0)
Requirement already satisfied: jupyter-client>=8.0.0 in /gpfs/home6/ddwilde/ednet_env/lib/python3.10/site-packages (from ipykernel->jupyter) (8.6.3)
Requirement already satisfied: jupyter-core!=5.0.*,>=4.12 in /gpfs/home6/ddwilde/ednet_env/lib/python3.10/site-packages (from ipykernel->jupyter) (5.8.1)
Requirement already satisfied: matplotlib-inline>=0.1 in /gpfs/home6/ddwilde/ednet_env/lib/python3.10/site-packages (from ipykernel->jupyter) (0.1.7)
Requirement already satisfied: nest-asyncio>=1.4 in /gpfs/home6/ddwilde/ednet_env/lib/python3.10/site-packages (from ipykernel->jupyter) (1.6.0)
Requirement already satisfied: psutil>=5.7 in /gpfs/home6/ddwilde/ednet_env/lib/python3.10/site-packages (from ipykernel->jupyter) (7.1.0)
Requirement already satisfied: pyzmq>=25 in /gpfs/home6/ddwilde/ednet_env/lib/python3.10/site-packages (from ipykernel->jupyter) (27.1.0)
Requirement already satisfied: tornado>=6.2 in /gpfs/home6/ddwilde/ednet_env/lib/python3.10/site-packages (from ipykernel->jupyter) (6.5.2)
Requirement already satisfied: traitlets>=5.4.0 in /gpfs/home6/ddwilde/ednet_env/lib/python3.10/site-packages (from ipykernel->jupyter) (5.14.3)
Requirement already satisfied: decorator in /gpfs/home6/ddwilde/ednet_env/lib/python3.10/site-packages (from ipython>=7.23.1->ipykernel->jupyter) (5.2.1)
Requirement already satisfied: exceptiongroup in /gpfs/home6/ddwilde/ednet_env/lib/python3.10/site-packages (from ipython>=7.23.1->ipykernel->jupyter) (1.3.0)
Requirement already satisfied: jedi>=0.16 in /gpfs/home6/ddwilde/ednet_env/lib/python3.10/site-packages (from ipython>=7.23.1->ipykernel->jupyter) (0.19.2)
Requirement already satisfied: pexpect>4.3 in /gpfs/home6/ddwilde/ednet_env/lib/python3.10/site-packages (from ipython>=7.23.1->ipykernel->jupyter) (4.9.0)
Requirement already satisfied: prompt_toolkit<3.1.0,>=3.0.41 in /gpfs/home6/ddwilde/ednet_env/lib/python3.10/site-packages (from ipython>=7.23.1->ipykernel->jupyter) (3.0.52)
Requirement already satisfied: pygments>=2.4.0 in /gpfs/home6/ddwilde/ednet_env/lib/python3.10/site-packages (from ipython>=7.23.1->ipykernel->jupyter) (2.19.2)
Requirement already satisfied: stack_data in /gpfs/home6/ddwilde/ednet_env/lib/python3.10/site-packages (from ipython>=7.23.1->ipykernel->jupyter) (0.6.3)
Requirement already satisfied: wcwidth in /gpfs/home6/ddwilde/ednet_env/lib/python3.10/site-packages (from prompt_toolkit<3.1.0,>=3.0.41->ipython>=7.23.1->ipykernel->jupyter) (0.2.14)
Requirement already satisfied: parso<0.9.0,>=0.8.4 in /gpfs/home6/ddwilde/ednet_env/lib/python3.10/site-packages (from jedi>=0.16->ipython>=7.23.1->ipykernel->jupyter) (0.8.5)
Requirement already satisfied: platformdirs>=2.5 in /gpfs/home6/ddwilde/ednet_env/lib/python3.10/site-packages (from jupyter-core!=5.0.*,>=4.12->ipykernel->jupyter) (4.4.0)
Requirement already satisfied: ptyprocess>=0.5 in /gpfs/home6/ddwilde/ednet_env/lib/python3.10/site-packages (from pexpect>4.3->ipython>=7.23.1->ipykernel->jupyter) (0.7.0)
Requirement already satisfied: widgetsnbextension~=4.0.14 in /gpfs/home6/ddwilde/ednet_env/lib/python3.10/site-packages (from ipywidgets->jupyter) (4.0.14)
Requirement already satisfied: jupyterlab_widgets~=3.0.15 in /gpfs/home6/ddwilde/ednet_env/lib/python3.10/site-packages (from ipywidgets->jupyter) (3.0.15)
Requirement already satisfied: async-lru>=1.0.0 in /gpfs/home6/ddwilde/ednet_env/lib/python3.10/site-packages (from jupyterlab->jupyter) (2.0.5)
Requirement already satisfied: httpx<1,>=0.25.0 in /gpfs/home6/ddwilde/ednet_env/lib/python3.10/site-packages (from jupyterlab->jupyter) (0.28.1)
Requirement already satisfied: jinja2>=3.0.3 in /gpfs/home6/ddwilde/ednet_env/lib/python3.10/site-packages (from jupyterlab->jupyter) (3.1.6)
Requirement already satisfied: jupyter-lsp>=2.0.0 in /gpfs/home6/ddwilde/ednet_env/lib/python3.10/site-packages (from jupyterlab->jupyter) (2.3.0)
Requirement already satisfied: jupyter-server<3,>=2.4.0 in /gpfs/home6/ddwilde/ednet_env/lib/python3.10/site-packages (from jupyterlab->jupyter) (2.17.0)
Requirement already satisfied: jupyterlab-server<3,>=2.27.1 in /gpfs/home6/ddwilde/ednet_env/lib/python3.10/site-packages (from jupyterlab->jupyter) (2.27.3)
Requirement already satisfied: notebook-shim>=0.2 in /gpfs/home6/ddwilde/ednet_env/lib/python3.10/site-packages (from jupyterlab->jupyter) (0.2.4)
Requirement already satisfied: tomli>=1.2.2 in /gpfs/home6/ddwilde/ednet_env/lib/python3.10/site-packages (from jupyterlab->jupyter) (2.2.1)
Requirement already satisfied: anyio in /gpfs/home6/ddwilde/ednet_env/lib/python3.10/site-packages (from httpx<1,>=0.25.0->jupyterlab->jupyter) (4.11.0)
Requirement already satisfied: certifi in /gpfs/home6/ddwilde/ednet_env/lib/python3.10/site-packages (from httpx<1,>=0.25.0->jupyterlab->jupyter) (2025.8.3)
Requirement already satisfied: httpcore==1.* in /gpfs/home6/ddwilde/ednet_env/lib/python3.10/site-packages (from httpx<1,>=0.25.0->jupyterlab->jupyter) (1.0.9)
Requirement already satisfied: idna in /gpfs/home6/ddwilde/ednet_env/lib/python3.10/site-packages (from httpx<1,>=0.25.0->jupyterlab->jupyter) (3.10)
Requirement already satisfied: h11>=0.16 in /gpfs/home6/ddwilde/ednet_env/lib/python3.10/site-packages (from httpcore==1.*->httpx<1,>=0.25.0->jupyterlab->jupyter) (0.16.0)
Requirement already satisfied: argon2-cffi>=21.1 in /gpfs/home6/ddwilde/ednet_env/lib/python3.10/site-packages (from jupyter-server<3,>=2.4.0->jupyterlab->jupyter) (25.1.0)
Requirement already satisfied: jupyter-events>=0.11.0 in /gpfs/home6/ddwilde/ednet_env/lib/python3.10/site-packages (from jupyter-server<3,>=2.4.0->jupyterlab->jupyter) (0.12.0)
Requirement already satisfied: jupyter-server-terminals>=0.4.4 in /gpfs/home6/ddwilde/ednet_env/lib/python3.10/site-packages (from jupyter-server<3,>=2.4.0->jupyterlab->jupyter) (0.5.3)
Requirement already satisfied: nbformat>=5.3.0 in /gpfs/home6/ddwilde/ednet_env/lib/python3.10/site-packages (from jupyter-server<3,>=2.4.0->jupyterlab->jupyter) (5.10.4)
Requirement already satisfied: overrides>=5.0 in /gpfs/home6/ddwilde/ednet_env/lib/python3.10/site-packages (from jupyter-server<3,>=2.4.0->jupyterlab->jupyter) (7.7.0)
Requirement already satisfied: prometheus-client>=0.9 in /gpfs/home6/ddwilde/ednet_env/lib/python3.10/site-packages (from jupyter-server<3,>=2.4.0->jupyterlab->jupyter) (0.23.1)
Requirement already satisfied: send2trash>=1.8.2 in /gpfs/home6/ddwilde/ednet_env/lib/python3.10/site-packages (from jupyter-server<3,>=2.4.0->jupyterlab->jupyter) (1.8.3)
Requirement already satisfied: terminado>=0.8.3 in /gpfs/home6/ddwilde/ednet_env/lib/python3.10/site-packages (from jupyter-server<3,>=2.4.0->jupyterlab->jupyter) (0.18.1)
Requirement already satisfied: websocket-client>=1.7 in /gpfs/home6/ddwilde/ednet_env/lib/python3.10/site-packages (from jupyter-server<3,>=2.4.0->jupyterlab->jupyter) (1.8.0)
Requirement already satisfied: babel>=2.10 in /gpfs/home6/ddwilde/ednet_env/lib/python3.10/site-packages (from jupyterlab-server<3,>=2.27.1->jupyterlab->jupyter) (2.17.0)
Requirement already satisfied: json5>=0.9.0 in /gpfs/home6/ddwilde/ednet_env/lib/python3.10/site-packages (from jupyterlab-server<3,>=2.27.1->jupyterlab->jupyter) (0.12.1)
Requirement already satisfied: jsonschema>=4.18.0 in /gpfs/home6/ddwilde/ednet_env/lib/python3.10/site-packages (from jupyterlab-server<3,>=2.27.1->jupyterlab->jupyter) (4.25.1)
Requirement already satisfied: requests>=2.31 in /gpfs/home6/ddwilde/ednet_env/lib/python3.10/site-packages (from jupyterlab-server<3,>=2.27.1->jupyterlab->jupyter) (2.32.5)
Requirement already satisfied: sniffio>=1.1 in /gpfs/home6/ddwilde/ednet_env/lib/python3.10/site-packages (from anyio->httpx<1,>=0.25.0->jupyterlab->jupyter) (1.3.1)
Requirement already satisfied: argon2-cffi-bindings in /gpfs/home6/ddwilde/ednet_env/lib/python3.10/site-packages (from argon2-cffi>=21.1->jupyter-server<3,>=2.4.0->jupyterlab->jupyter) (25.1.0)
Requirement already satisfied: attrs>=22.2.0 in /gpfs/home6/ddwilde/ednet_env/lib/python3.10/site-packages (from jsonschema>=4.18.0->jupyterlab-server<3,>=2.27.1->jupyterlab->jupyter) (25.3.0)
Requirement already satisfied: jsonschema-specifications>=2023.03.6 in /gpfs/home6/ddwilde/ednet_env/lib/python3.10/site-packages (from jsonschema>=4.18.0->jupyterlab-server<3,>=2.27.1->jupyterlab->jupyter) (2025.9.1)
Requirement already satisfied: referencing>=0.28.4 in /gpfs/home6/ddwilde/ednet_env/lib/python3.10/site-packages (from jsonschema>=4.18.0->jupyterlab-server<3,>=2.27.1->jupyterlab->jupyter) (0.36.2)
Requirement already satisfied: rpds-py>=0.7.1 in /gpfs/home6/ddwilde/ednet_env/lib/python3.10/site-packages (from jsonschema>=4.18.0->jupyterlab-server<3,>=2.27.1->jupyterlab->jupyter) (0.27.1)
Requirement already satisfied: python-json-logger>=2.0.4 in /gpfs/home6/ddwilde/ednet_env/lib/python3.10/site-packages (from jupyter-events>=0.11.0->jupyter-server<3,>=2.4.0->jupyterlab->jupyter) (3.3.0)
Requirement already satisfied: pyyaml>=5.3 in /gpfs/home6/ddwilde/ednet_env/lib/python3.10/site-packages (from jupyter-events>=0.11.0->jupyter-server<3,>=2.4.0->jupyterlab->jupyter) (6.0.2)
Requirement already satisfied: rfc3339-validator in /gpfs/home6/ddwilde/ednet_env/lib/python3.10/site-packages (from jupyter-events>=0.11.0->jupyter-server<3,>=2.4.0->jupyterlab->jupyter) (0.1.4)
Requirement already satisfied: rfc3986-validator>=0.1.1 in /gpfs/home6/ddwilde/ednet_env/lib/python3.10/site-packages (from jupyter-events>=0.11.0->jupyter-server<3,>=2.4.0->jupyterlab->jupyter) (0.1.1)
Requirement already satisfied: fqdn in /gpfs/home6/ddwilde/ednet_env/lib/python3.10/site-packages (from jsonschema[format-nongpl]>=4.18.0->jupyter-events>=0.11.0->jupyter-server<3,>=2.4.0->jupyterlab->jupyter) (1.5.1)
Requirement already satisfied: isoduration in /gpfs/home6/ddwilde/ednet_env/lib/python3.10/site-packages (from jsonschema[format-nongpl]>=4.18.0->jupyter-events>=0.11.0->jupyter-server<3,>=2.4.0->jupyterlab->jupyter) (20.11.0)
Requirement already satisfied: jsonpointer>1.13 in /gpfs/home6/ddwilde/ednet_env/lib/python3.10/site-packages (from jsonschema[format-nongpl]>=4.18.0->jupyter-events>=0.11.0->jupyter-server<3,>=2.4.0->jupyterlab->jupyter) (3.0.0)
Requirement already satisfied: rfc3987-syntax>=1.1.0 in /gpfs/home6/ddwilde/ednet_env/lib/python3.10/site-packages (from jsonschema[format-nongpl]>=4.18.0->jupyter-events>=0.11.0->jupyter-server<3,>=2.4.0->jupyterlab->jupyter) (1.1.0)
Requirement already satisfied: uri-template in /gpfs/home6/ddwilde/ednet_env/lib/python3.10/site-packages (from jsonschema[format-nongpl]>=4.18.0->jupyter-events>=0.11.0->jupyter-server<3,>=2.4.0->jupyterlab->jupyter) (1.3.0)
Requirement already satisfied: webcolors>=24.6.0 in /gpfs/home6/ddwilde/ednet_env/lib/python3.10/site-packages (from jsonschema[format-nongpl]>=4.18.0->jupyter-events>=0.11.0->jupyter-server<3,>=2.4.0->jupyterlab->jupyter) (24.11.1)
Requirement already satisfied: beautifulsoup4 in /gpfs/home6/ddwilde/ednet_env/lib/python3.10/site-packages (from nbconvert->jupyter) (4.13.5)
Requirement already satisfied: bleach!=5.0.0 in /gpfs/home6/ddwilde/ednet_env/lib/python3.10/site-packages (from bleach[css]!=5.0.0->nbconvert->jupyter) (6.2.0)
Requirement already satisfied: defusedxml in /gpfs/home6/ddwilde/ednet_env/lib/python3.10/site-packages (from nbconvert->jupyter) (0.7.1)
Requirement already satisfied: jupyterlab-pygments in /gpfs/home6/ddwilde/ednet_env/lib/python3.10/site-packages (from nbconvert->jupyter) (0.3.0)
Requirement already satisfied: mistune<4,>=2.0.3 in /gpfs/home6/ddwilde/ednet_env/lib/python3.10/site-packages (from nbconvert->jupyter) (3.1.4)
Requirement already satisfied: nbclient>=0.5.0 in /gpfs/home6/ddwilde/ednet_env/lib/python3.10/site-packages (from nbconvert->jupyter) (0.10.2)
Requirement already satisfied: pandocfilters>=1.4.1 in /gpfs/home6/ddwilde/ednet_env/lib/python3.10/site-packages (from nbconvert->jupyter) (1.5.1)
Requirement already satisfied: webencodings in /gpfs/home6/ddwilde/ednet_env/lib/python3.10/site-packages (from bleach!=5.0.0->bleach[css]!=5.0.0->nbconvert->jupyter) (0.5.1)
Requirement already satisfied: tinycss2<1.5,>=1.1.0 in /gpfs/home6/ddwilde/ednet_env/lib/python3.10/site-packages (from bleach[css]!=5.0.0->nbconvert->jupyter) (1.4.0)
Requirement already satisfied: fastjsonschema>=2.15 in /gpfs/home6/ddwilde/ednet_env/lib/python3.10/site-packages (from nbformat>=5.3.0->jupyter-server<3,>=2.4.0->jupyterlab->jupyter) (2.21.2)
Requirement already satisfied: charset_normalizer<4,>=2 in /gpfs/home6/ddwilde/ednet_env/lib/python3.10/site-packages (from requests>=2.31->jupyterlab-server<3,>=2.27.1->jupyterlab->jupyter) (3.4.3)
Requirement already satisfied: urllib3<3,>=1.21.1 in /gpfs/home6/ddwilde/ednet_env/lib/python3.10/site-packages (from requests>=2.31->jupyterlab-server<3,>=2.27.1->jupyterlab->jupyter) (2.5.0)
Requirement already satisfied: lark>=1.2.2 in /gpfs/home6/ddwilde/ednet_env/lib/python3.10/site-packages (from rfc3987-syntax>=1.1.0->jsonschema[format-nongpl]>=4.18.0->jupyter-events>=0.11.0->jupyter-server<3,>=2.4.0->jupyterlab->jupyter) (1.3.0)
Requirement already satisfied: cffi>=1.0.1 in /gpfs/home6/ddwilde/ednet_env/lib/python3.10/site-packages (from argon2-cffi-bindings->argon2-cffi>=21.1->jupyter-server<3,>=2.4.0->jupyterlab->jupyter) (2.0.0)
Requirement already satisfied: pycparser in /gpfs/home6/ddwilde/ednet_env/lib/python3.10/site-packages (from cffi>=1.0.1->argon2-cffi-bindings->argon2-cffi>=21.1->jupyter-server<3,>=2.4.0->jupyterlab->jupyter) (2.23)
Requirement already satisfied: soupsieve>1.2 in /gpfs/home6/ddwilde/ednet_env/lib/python3.10/site-packages (from beautifulsoup4->nbconvert->jupyter) (2.8)
Requirement already satisfied: arrow>=0.15.0 in /gpfs/home6/ddwilde/ednet_env/lib/python3.10/site-packages (from isoduration->jsonschema[format-nongpl]>=4.18.0->jupyter-events>=0.11.0->jupyter-server<3,>=2.4.0->jupyterlab->jupyter) (1.3.0)
Requirement already satisfied: types-python-dateutil>=2.8.10 in /gpfs/home6/ddwilde/ednet_env/lib/python3.10/site-packages (from arrow>=0.15.0->isoduration->jsonschema[format-nongpl]>=4.18.0->jupyter-events>=0.11.0->jupyter-server<3,>=2.4.0->jupyterlab->jupyter) (2.9.0.20250822)
Requirement already satisfied: executing>=1.2.0 in /gpfs/home6/ddwilde/ednet_env/lib/python3.10/site-packages (from stack_data->ipython>=7.23.1->ipykernel->jupyter) (2.2.1)
Requirement already satisfied: asttokens>=2.1.0 in /gpfs/home6/ddwilde/ednet_env/lib/python3.10/site-packages (from stack_data->ipython>=7.23.1->ipykernel->jupyter) (3.0.0)
Requirement already satisfied: pure-eval in /gpfs/home6/ddwilde/ednet_env/lib/python3.10/site-packages (from stack_data->ipython>=7.23.1->ipykernel->jupyter) (0.2.3)

JOB STATISTICS
==============
Job ID: 14850153
Cluster: snellius
User/Group: ddwilde/ddwilde
State: RUNNING
Nodes: 1
Cores per node: 18
CPU Utilized: 00:00:00
CPU Efficiency: 0.00% of 00:04:12 core-walltime
Job Wall-clock time: 00:00:14
Memory Utilized: 0.00 MB
Memory Efficiency: 0.00% of 16.00 GB (16.00 GB/node)
WARNING: Efficiency statistics can only be obtained after the job has ended as seff tool is based on the accounting database data.
